<?xml version="1.0" encoding="UTF-8"?>
<testng-results skipped="0" failed="0" total="1" passed="1">
  <reporter-output>
  </reporter-output>
  <suite name="Runner" duration-ms="27174" started-at="2017-05-29T06:28:16Z" finished-at="2017-05-29T06:28:44Z">
    <groups>
    </groups>
    <test name="Member Login" duration-ms="27174" started-at="2017-05-29T06:28:16Z" finished-at="2017-05-29T06:28:44Z">
      <class name="com.tal.Base.Runner">
        <test-method status="PASS" signature="initialize()[pri:0, instance:com.tal.Base.Runner@5419f379]" name="initialize" is-config="true" duration-ms="14337" started-at="2017-05-29T11:58:16Z" finished-at="2017-05-29T11:58:31Z">
          <reporter-output>
          </reporter-output>
        </test-method> <!-- initialize -->
        <test-method status="PASS" signature="run()[pri:0, instance:com.tal.Base.Runner@5419f379]" name="run" duration-ms="12405" started-at="2017-05-29T11:58:31Z" finished-at="2017-05-29T11:58:43Z">
          <reporter-output>
          </reporter-output>
        </test-method> <!-- run -->
        <test-method status="PASS" signature="teardown()[pri:0, instance:com.tal.Base.Runner@5419f379]" name="teardown" is-config="true" duration-ms="411" started-at="2017-05-29T11:58:43Z" finished-at="2017-05-29T11:58:44Z">
          <reporter-output>
          </reporter-output>
        </test-method> <!-- teardown -->
      </class> <!-- com.tal.Base.Runner -->
    </test> <!-- Member Login -->
  </suite> <!-- Runner -->
</testng-results>
