<?xml version="1.0" encoding="UTF-8"?>
<testng-results skipped="0" failed="0" total="1" passed="1">
  <reporter-output>
  </reporter-output>
  <suite name="Runner" duration-ms="170167" started-at="2017-05-26T06:05:05Z" finished-at="2017-05-26T06:07:55Z">
    <groups>
    </groups>
    <test name="Member Login" duration-ms="170167" started-at="2017-05-26T06:05:05Z" finished-at="2017-05-26T06:07:55Z">
      <class name="com.tal.Base.Runner">
        <test-method status="PASS" signature="initialize()[pri:0, instance:com.tal.Base.Runner@7dc7cbad]" name="initialize" is-config="true" duration-ms="21561" started-at="2017-05-26T11:35:05Z" finished-at="2017-05-26T11:35:26Z">
          <reporter-output>
          </reporter-output>
        </test-method> <!-- initialize -->
        <test-method status="PASS" signature="run()[pri:0, instance:com.tal.Base.Runner@7dc7cbad]" name="run" duration-ms="147387" started-at="2017-05-26T11:35:26Z" finished-at="2017-05-26T11:37:53Z">
          <reporter-output>
          </reporter-output>
        </test-method> <!-- run -->
        <test-method status="PASS" signature="teardown()[pri:0, instance:com.tal.Base.Runner@7dc7cbad]" name="teardown" is-config="true" duration-ms="1209" started-at="2017-05-26T11:37:53Z" finished-at="2017-05-26T11:37:55Z">
          <reporter-output>
          </reporter-output>
        </test-method> <!-- teardown -->
      </class> <!-- com.tal.Base.Runner -->
    </test> <!-- Member Login -->
  </suite> <!-- Runner -->
</testng-results>
